2019-03-08 21:31:24 - PHP Notice:  Error: Could not load template D:/Sergey/OSPanel/domains/store/catalog/view/theme/default/template/extension/module/slideshow.tpl! in D:\Sergey\OSPanel\domains\store\system\library\template\php.php on line 23
2019-03-08 21:31:53 - PHP Notice:  Error: Could not load template D:/Sergey/OSPanel/domains/store/catalog/view/theme/default/template/extension/module/slideshow.tpl! in D:\Sergey\OSPanel\domains\store\system\library\template\php.php on line 23
2019-03-08 22:40:37 - PHP Notice:  Error: Could not load template D:/Sergey/OSPanel/domains/store/catalog/view/theme/default/template/account/register.tpl! in D:\Sergey\OSPanel\domains\store\system\library\template\php.php on line 23
2019-03-09 16:01:19 - PHP Notice:  Error: Could not load template D:/Sergey/OSPanel/domains/store/catalog/view/theme/default/template/common/column_left.tpl! in D:\Sergey\OSPanel\domains\store\system\storage\modification\system\library\template\php.php on line 23
2019-03-09 16:01:20 - PHP Notice:  Error: Could not load template D:/Sergey/OSPanel/domains/store/catalog/view/theme/default/template/common/column_left.tpl! in D:\Sergey\OSPanel\domains\store\system\storage\modification\system\library\template\php.php on line 23
2019-03-09 16:01:20 - PHP Notice:  Error: Could not load template D:/Sergey/OSPanel/domains/store/catalog/view/theme/default/template/common/column_left.tpl! in D:\Sergey\OSPanel\domains\store\system\storage\modification\system\library\template\php.php on line 23
2019-03-09 16:01:20 - PHP Notice:  Error: Could not load template D:/Sergey/OSPanel/domains/store/catalog/view/theme/default/template/common/column_left.tpl! in D:\Sergey\OSPanel\domains\store\system\storage\modification\system\library\template\php.php on line 23
2019-03-09 16:01:21 - PHP Notice:  Error: Could not load template D:/Sergey/OSPanel/domains/store/catalog/view/theme/default/template/common/column_left.tpl! in D:\Sergey\OSPanel\domains\store\system\storage\modification\system\library\template\php.php on line 23
2019-03-09 16:01:21 - PHP Notice:  Error: Could not load template D:/Sergey/OSPanel/domains/store/catalog/view/theme/default/template/common/column_left.tpl! in D:\Sergey\OSPanel\domains\store\system\storage\modification\system\library\template\php.php on line 23
2019-03-09 16:02:56 - PHP Notice:  Error: Could not load template D:/Sergey/OSPanel/domains/store/catalog/view/theme/default/template/common/column_left.tpl! in D:\Sergey\OSPanel\domains\store\system\storage\modification\system\library\template\php.php on line 23
2019-03-09 16:02:57 - PHP Notice:  Error: Could not load template D:/Sergey/OSPanel/domains/store/catalog/view/theme/default/template/common/column_left.tpl! in D:\Sergey\OSPanel\domains\store\system\storage\modification\system\library\template\php.php on line 23
2019-03-09 16:02:57 - PHP Notice:  Error: Could not load template D:/Sergey/OSPanel/domains/store/catalog/view/theme/default/template/common/column_left.tpl! in D:\Sergey\OSPanel\domains\store\system\storage\modification\system\library\template\php.php on line 23
2019-03-09 16:02:57 - PHP Notice:  Error: Could not load template D:/Sergey/OSPanel/domains/store/catalog/view/theme/default/template/common/column_left.tpl! in D:\Sergey\OSPanel\domains\store\system\storage\modification\system\library\template\php.php on line 23
2019-03-09 16:02:57 - PHP Notice:  Error: Could not load template D:/Sergey/OSPanel/domains/store/catalog/view/theme/default/template/common/column_left.tpl! in D:\Sergey\OSPanel\domains\store\system\storage\modification\system\library\template\php.php on line 23
2019-03-09 16:02:57 - PHP Notice:  Error: Could not load template D:/Sergey/OSPanel/domains/store/catalog/view/theme/default/template/common/column_left.tpl! in D:\Sergey\OSPanel\domains\store\system\storage\modification\system\library\template\php.php on line 23
2019-03-09 16:02:58 - PHP Notice:  Error: Could not load template D:/Sergey/OSPanel/domains/store/catalog/view/theme/default/template/common/column_left.tpl! in D:\Sergey\OSPanel\domains\store\system\storage\modification\system\library\template\php.php on line 23
2019-03-09 16:02:58 - PHP Notice:  Error: Could not load template D:/Sergey/OSPanel/domains/store/catalog/view/theme/default/template/common/column_left.tpl! in D:\Sergey\OSPanel\domains\store\system\storage\modification\system\library\template\php.php on line 23
2019-03-09 16:02:58 - PHP Notice:  Error: Could not load template D:/Sergey/OSPanel/domains/store/catalog/view/theme/default/template/common/column_left.tpl! in D:\Sergey\OSPanel\domains\store\system\storage\modification\system\library\template\php.php on line 23
2019-03-09 16:02:58 - PHP Notice:  Error: Could not load template D:/Sergey/OSPanel/domains/store/catalog/view/theme/default/template/common/column_left.tpl! in D:\Sergey\OSPanel\domains\store\system\storage\modification\system\library\template\php.php on line 23
2019-03-09 16:02:58 - PHP Notice:  Error: Could not load template D:/Sergey/OSPanel/domains/store/catalog/view/theme/default/template/common/column_left.tpl! in D:\Sergey\OSPanel\domains\store\system\storage\modification\system\library\template\php.php on line 23
2019-03-09 16:02:59 - PHP Notice:  Error: Could not load template D:/Sergey/OSPanel/domains/store/catalog/view/theme/default/template/common/column_left.tpl! in D:\Sergey\OSPanel\domains\store\system\storage\modification\system\library\template\php.php on line 23
2019-03-09 16:02:59 - PHP Notice:  Error: Could not load template D:/Sergey/OSPanel/domains/store/catalog/view/theme/default/template/common/column_left.tpl! in D:\Sergey\OSPanel\domains\store\system\storage\modification\system\library\template\php.php on line 23
2019-03-09 16:02:59 - PHP Notice:  Error: Could not load template D:/Sergey/OSPanel/domains/store/catalog/view/theme/default/template/common/column_left.tpl! in D:\Sergey\OSPanel\domains\store\system\storage\modification\system\library\template\php.php on line 23
2019-03-09 16:02:59 - PHP Notice:  Error: Could not load template D:/Sergey/OSPanel/domains/store/catalog/view/theme/default/template/common/column_left.tpl! in D:\Sergey\OSPanel\domains\store\system\storage\modification\system\library\template\php.php on line 23
2019-03-09 16:50:41 - PHP Notice:  Undefined variable: category in D:\Sergey\OSPanel\domains\store\catalog\view\theme\Store\template\common\header.tpl on line 67
2019-03-09 16:54:22 - PHP Notice:  Undefined variable: category in D:\Sergey\OSPanel\domains\store\catalog\view\theme\Store\template\common\header.tpl on line 67
2019-03-09 19:31:00 - PHP Notice:  Undefined variable: class in D:\Sergey\OSPanel\domains\store\catalog\view\theme\Store\template\checkout\cart.tpl on line 19
2019-03-09 19:31:01 - PHP Notice:  Undefined variable: class in D:\Sergey\OSPanel\domains\store\catalog\view\theme\Store\template\checkout\cart.tpl on line 19
2019-03-09 19:31:10 - PHP Notice:  Undefined variable: class in D:\Sergey\OSPanel\domains\store\catalog\view\theme\Store\template\checkout\cart.tpl on line 19
2019-03-09 19:31:10 - PHP Notice:  Undefined variable: class in D:\Sergey\OSPanel\domains\store\catalog\view\theme\Store\template\checkout\cart.tpl on line 19
2019-03-09 19:31:25 - PHP Notice:  Undefined variable: class in D:\Sergey\OSPanel\domains\store\catalog\view\theme\Store\template\checkout\cart.tpl on line 19
2019-03-09 19:31:26 - PHP Notice:  Undefined variable: class in D:\Sergey\OSPanel\domains\store\catalog\view\theme\Store\template\checkout\cart.tpl on line 19
2019-03-09 19:31:35 - PHP Notice:  Undefined variable: class in D:\Sergey\OSPanel\domains\store\catalog\view\theme\Store\template\checkout\cart.tpl on line 19
2019-03-09 19:31:36 - PHP Notice:  Undefined variable: class in D:\Sergey\OSPanel\domains\store\catalog\view\theme\Store\template\checkout\cart.tpl on line 19
2019-03-09 19:31:36 - PHP Notice:  Undefined variable: class in D:\Sergey\OSPanel\domains\store\catalog\view\theme\Store\template\checkout\cart.tpl on line 19
2019-03-09 19:32:17 - PHP Notice:  Undefined variable: class in D:\Sergey\OSPanel\domains\store\catalog\view\theme\Store\template\checkout\cart.tpl on line 19
2019-03-09 19:32:19 - PHP Notice:  Undefined variable: class in D:\Sergey\OSPanel\domains\store\catalog\view\theme\Store\template\checkout\cart.tpl on line 19
2019-03-09 19:32:31 - PHP Notice:  Undefined variable: class in D:\Sergey\OSPanel\domains\store\catalog\view\theme\Store\template\checkout\cart.tpl on line 19
2019-03-09 19:32:32 - PHP Notice:  Undefined variable: class in D:\Sergey\OSPanel\domains\store\catalog\view\theme\Store\template\checkout\cart.tpl on line 19
2019-03-09 19:32:32 - PHP Notice:  Undefined variable: class in D:\Sergey\OSPanel\domains\store\catalog\view\theme\Store\template\checkout\cart.tpl on line 19
2019-03-09 19:32:41 - PHP Notice:  Undefined variable: class in D:\Sergey\OSPanel\domains\store\catalog\view\theme\Store\template\checkout\cart.tpl on line 19
2019-03-09 19:32:44 - PHP Notice:  Undefined variable: class in D:\Sergey\OSPanel\domains\store\catalog\view\theme\Store\template\checkout\cart.tpl on line 19
2019-03-09 19:32:53 - PHP Notice:  Undefined variable: class in D:\Sergey\OSPanel\domains\store\catalog\view\theme\Store\template\checkout\cart.tpl on line 19
2019-03-09 19:32:54 - PHP Notice:  Undefined variable: class in D:\Sergey\OSPanel\domains\store\catalog\view\theme\Store\template\checkout\cart.tpl on line 19
2019-03-09 19:33:18 - PHP Notice:  Undefined variable: class in D:\Sergey\OSPanel\domains\store\catalog\view\theme\Store\template\checkout\cart.tpl on line 19
2019-03-09 19:33:23 - PHP Notice:  Undefined variable: class in D:\Sergey\OSPanel\domains\store\catalog\view\theme\Store\template\checkout\cart.tpl on line 19
2019-03-09 19:33:31 - PHP Notice:  Undefined variable: class in D:\Sergey\OSPanel\domains\store\catalog\view\theme\Store\template\checkout\cart.tpl on line 19
2019-03-09 19:33:31 - PHP Notice:  Undefined variable: class in D:\Sergey\OSPanel\domains\store\catalog\view\theme\Store\template\checkout\cart.tpl on line 19
2019-03-09 19:33:39 - PHP Notice:  Undefined variable: class in D:\Sergey\OSPanel\domains\store\catalog\view\theme\Store\template\checkout\cart.tpl on line 19
2019-03-09 19:34:04 - PHP Notice:  Undefined variable: class in D:\Sergey\OSPanel\domains\store\catalog\view\theme\Store\template\checkout\cart.tpl on line 19
2019-03-09 19:34:18 - PHP Notice:  Undefined variable: class in D:\Sergey\OSPanel\domains\store\catalog\view\theme\Store\template\checkout\cart.tpl on line 19
2019-03-09 19:34:19 - PHP Notice:  Undefined variable: class in D:\Sergey\OSPanel\domains\store\catalog\view\theme\Store\template\checkout\cart.tpl on line 19
2019-03-09 19:34:19 - PHP Notice:  Undefined variable: class in D:\Sergey\OSPanel\domains\store\catalog\view\theme\Store\template\checkout\cart.tpl on line 19
2019-03-09 19:34:32 - PHP Notice:  Undefined variable: class in D:\Sergey\OSPanel\domains\store\catalog\view\theme\Store\template\checkout\cart.tpl on line 19
2019-03-09 19:34:33 - PHP Notice:  Undefined variable: class in D:\Sergey\OSPanel\domains\store\catalog\view\theme\Store\template\checkout\cart.tpl on line 19
2019-03-09 19:34:34 - PHP Notice:  Undefined variable: class in D:\Sergey\OSPanel\domains\store\catalog\view\theme\Store\template\checkout\cart.tpl on line 19
2019-03-09 19:34:34 - PHP Notice:  Undefined variable: class in D:\Sergey\OSPanel\domains\store\catalog\view\theme\Store\template\checkout\cart.tpl on line 19
2019-03-09 19:34:35 - PHP Notice:  Undefined variable: class in D:\Sergey\OSPanel\domains\store\catalog\view\theme\Store\template\checkout\cart.tpl on line 19
2019-03-09 19:34:43 - PHP Notice:  Undefined variable: class in D:\Sergey\OSPanel\domains\store\catalog\view\theme\Store\template\checkout\cart.tpl on line 19
2019-03-09 19:34:44 - PHP Notice:  Undefined variable: class in D:\Sergey\OSPanel\domains\store\catalog\view\theme\Store\template\checkout\cart.tpl on line 19
2019-03-09 19:34:49 - PHP Notice:  Undefined variable: class in D:\Sergey\OSPanel\domains\store\catalog\view\theme\Store\template\checkout\cart.tpl on line 19
2019-03-09 19:34:50 - PHP Notice:  Undefined variable: class in D:\Sergey\OSPanel\domains\store\catalog\view\theme\Store\template\checkout\cart.tpl on line 19
2019-03-09 19:35:11 - PHP Notice:  Undefined variable: class in D:\Sergey\OSPanel\domains\store\catalog\view\theme\Store\template\checkout\cart.tpl on line 19
2019-03-09 19:35:17 - PHP Notice:  Undefined variable: class in D:\Sergey\OSPanel\domains\store\catalog\view\theme\Store\template\checkout\cart.tpl on line 19
2019-03-09 19:35:23 - PHP Notice:  Undefined variable: class in D:\Sergey\OSPanel\domains\store\catalog\view\theme\Store\template\checkout\cart.tpl on line 19
2019-03-09 19:35:25 - PHP Notice:  Undefined variable: class in D:\Sergey\OSPanel\domains\store\catalog\view\theme\Store\template\checkout\cart.tpl on line 19
2019-03-09 19:35:38 - PHP Notice:  Undefined variable: class in D:\Sergey\OSPanel\domains\store\catalog\view\theme\Store\template\checkout\cart.tpl on line 19
2019-03-09 19:35:39 - PHP Notice:  Undefined variable: class in D:\Sergey\OSPanel\domains\store\catalog\view\theme\Store\template\checkout\cart.tpl on line 19
2019-03-09 19:35:39 - PHP Notice:  Undefined variable: class in D:\Sergey\OSPanel\domains\store\catalog\view\theme\Store\template\checkout\cart.tpl on line 19
2019-03-09 19:36:15 - PHP Notice:  Undefined variable: class in D:\Sergey\OSPanel\domains\store\catalog\view\theme\Store\template\checkout\cart.tpl on line 19
2019-03-09 19:36:36 - PHP Notice:  Undefined variable: class in D:\Sergey\OSPanel\domains\store\catalog\view\theme\Store\template\checkout\cart.tpl on line 19
2019-03-09 19:36:37 - PHP Notice:  Undefined variable: class in D:\Sergey\OSPanel\domains\store\catalog\view\theme\Store\template\checkout\cart.tpl on line 19
2019-03-09 19:36:42 - PHP Notice:  Undefined variable: class in D:\Sergey\OSPanel\domains\store\catalog\view\theme\Store\template\checkout\cart.tpl on line 19
2019-03-09 19:37:48 - PHP Notice:  Undefined variable: class in D:\Sergey\OSPanel\domains\store\catalog\view\theme\Store\template\checkout\cart.tpl on line 19
2019-03-09 19:37:51 - PHP Notice:  Undefined variable: class in D:\Sergey\OSPanel\domains\store\catalog\view\theme\Store\template\checkout\cart.tpl on line 19
2019-03-09 19:38:00 - PHP Notice:  Undefined variable: class in D:\Sergey\OSPanel\domains\store\catalog\view\theme\Store\template\checkout\cart.tpl on line 19
2019-03-09 19:40:09 - PHP Notice:  Undefined variable: class in D:\Sergey\OSPanel\domains\store\catalog\view\theme\Store\template\checkout\cart.tpl on line 19
2019-03-09 19:40:39 - PHP Notice:  Undefined variable: class in D:\Sergey\OSPanel\domains\store\catalog\view\theme\Store\template\checkout\cart.tpl on line 19
2019-03-09 19:40:49 - PHP Notice:  Undefined variable: class in D:\Sergey\OSPanel\domains\store\catalog\view\theme\Store\template\checkout\cart.tpl on line 19
2019-03-09 19:40:53 - PHP Notice:  Undefined variable: class in D:\Sergey\OSPanel\domains\store\catalog\view\theme\Store\template\checkout\cart.tpl on line 19
2019-03-09 19:41:42 - PHP Notice:  Undefined variable: class in D:\Sergey\OSPanel\domains\store\catalog\view\theme\Store\template\checkout\cart.tpl on line 19
2019-03-09 19:41:42 - PHP Notice:  Undefined variable: product in D:\Sergey\OSPanel\domains\store\catalog\view\theme\Store\template\checkout\cart.tpl on line 36
2019-03-09 19:41:42 - PHP Notice:  Undefined variable: product in D:\Sergey\OSPanel\domains\store\catalog\view\theme\Store\template\checkout\cart.tpl on line 36
2019-03-09 19:41:42 - PHP Notice:  Undefined variable: product in D:\Sergey\OSPanel\domains\store\catalog\view\theme\Store\template\checkout\cart.tpl on line 36
2019-03-09 19:41:42 - PHP Notice:  Undefined variable: product in D:\Sergey\OSPanel\domains\store\catalog\view\theme\Store\template\checkout\cart.tpl on line 36
2019-03-09 19:42:19 - PHP Notice:  Undefined variable: class in D:\Sergey\OSPanel\domains\store\catalog\view\theme\Store\template\checkout\cart.tpl on line 19
2019-03-09 19:42:27 - PHP Notice:  Undefined variable: class in D:\Sergey\OSPanel\domains\store\catalog\view\theme\Store\template\checkout\cart.tpl on line 19
2019-03-09 19:42:57 - PHP Notice:  Undefined variable: class in D:\Sergey\OSPanel\domains\store\catalog\view\theme\Store\template\checkout\cart.tpl on line 19
2019-03-09 19:43:04 - PHP Notice:  Undefined variable: class in D:\Sergey\OSPanel\domains\store\catalog\view\theme\Store\template\checkout\cart.tpl on line 19
2019-03-09 19:43:13 - PHP Notice:  Undefined variable: class in D:\Sergey\OSPanel\domains\store\catalog\view\theme\Store\template\checkout\cart.tpl on line 19
2019-03-09 19:43:31 - PHP Notice:  Undefined variable: class in D:\Sergey\OSPanel\domains\store\catalog\view\theme\Store\template\checkout\cart.tpl on line 19
2019-03-09 19:44:08 - PHP Notice:  Undefined variable: class in D:\Sergey\OSPanel\domains\store\catalog\view\theme\Store\template\checkout\cart.tpl on line 19
2019-03-09 19:44:10 - PHP Notice:  Undefined variable: class in D:\Sergey\OSPanel\domains\store\catalog\view\theme\Store\template\checkout\cart.tpl on line 19
2019-03-09 19:44:13 - PHP Notice:  Undefined variable: class in D:\Sergey\OSPanel\domains\store\catalog\view\theme\Store\template\checkout\cart.tpl on line 19
2019-03-09 19:44:29 - PHP Notice:  Undefined variable: class in D:\Sergey\OSPanel\domains\store\catalog\view\theme\Store\template\checkout\cart.tpl on line 19
2019-03-09 19:44:32 - PHP Notice:  Undefined variable: class in D:\Sergey\OSPanel\domains\store\catalog\view\theme\Store\template\checkout\cart.tpl on line 19
2019-03-09 19:44:35 - PHP Notice:  Undefined variable: class in D:\Sergey\OSPanel\domains\store\catalog\view\theme\Store\template\checkout\cart.tpl on line 19
2019-03-09 19:44:50 - PHP Notice:  Undefined variable: class in D:\Sergey\OSPanel\domains\store\catalog\view\theme\Store\template\checkout\cart.tpl on line 19
2019-03-09 19:44:51 - PHP Notice:  Undefined variable: class in D:\Sergey\OSPanel\domains\store\catalog\view\theme\Store\template\checkout\cart.tpl on line 19
2019-03-09 19:45:07 - PHP Notice:  Undefined variable: class in D:\Sergey\OSPanel\domains\store\catalog\view\theme\Store\template\checkout\cart.tpl on line 19
2019-03-09 19:45:10 - PHP Notice:  Undefined variable: class in D:\Sergey\OSPanel\domains\store\catalog\view\theme\Store\template\checkout\cart.tpl on line 19
2019-03-09 19:45:31 - PHP Notice:  Undefined variable: class in D:\Sergey\OSPanel\domains\store\catalog\view\theme\Store\template\checkout\cart.tpl on line 19
2019-03-09 19:45:32 - PHP Notice:  Undefined variable: class in D:\Sergey\OSPanel\domains\store\catalog\view\theme\Store\template\checkout\cart.tpl on line 19
2019-03-09 19:45:52 - PHP Notice:  Undefined variable: class in D:\Sergey\OSPanel\domains\store\catalog\view\theme\Store\template\checkout\cart.tpl on line 19
2019-03-09 19:46:11 - PHP Notice:  Undefined variable: class in D:\Sergey\OSPanel\domains\store\catalog\view\theme\Store\template\checkout\cart.tpl on line 19
2019-03-09 19:46:12 - PHP Notice:  Undefined variable: class in D:\Sergey\OSPanel\domains\store\catalog\view\theme\Store\template\checkout\cart.tpl on line 19
2019-03-09 19:46:16 - PHP Notice:  Undefined variable: class in D:\Sergey\OSPanel\domains\store\catalog\view\theme\Store\template\checkout\cart.tpl on line 19
2019-03-09 19:46:17 - PHP Notice:  Undefined variable: class in D:\Sergey\OSPanel\domains\store\catalog\view\theme\Store\template\checkout\cart.tpl on line 19
2019-03-09 19:46:36 - PHP Notice:  Undefined variable: class in D:\Sergey\OSPanel\domains\store\catalog\view\theme\Store\template\checkout\cart.tpl on line 19
2019-03-09 19:46:37 - PHP Notice:  Undefined variable: class in D:\Sergey\OSPanel\domains\store\catalog\view\theme\Store\template\checkout\cart.tpl on line 19
2019-03-09 19:46:55 - PHP Notice:  Undefined variable: class in D:\Sergey\OSPanel\domains\store\catalog\view\theme\Store\template\checkout\cart.tpl on line 19
2019-03-09 19:47:08 - PHP Notice:  Undefined variable: class in D:\Sergey\OSPanel\domains\store\catalog\view\theme\Store\template\checkout\cart.tpl on line 19
2019-03-09 19:47:12 - PHP Notice:  Undefined variable: class in D:\Sergey\OSPanel\domains\store\catalog\view\theme\Store\template\checkout\cart.tpl on line 19
2019-03-09 19:47:21 - PHP Notice:  Undefined variable: class in D:\Sergey\OSPanel\domains\store\catalog\view\theme\Store\template\checkout\cart.tpl on line 19
2019-03-09 19:47:37 - PHP Notice:  Undefined variable: class in D:\Sergey\OSPanel\domains\store\catalog\view\theme\Store\template\checkout\cart.tpl on line 19
2019-03-09 19:47:51 - PHP Notice:  Undefined variable: class in D:\Sergey\OSPanel\domains\store\catalog\view\theme\Store\template\checkout\cart.tpl on line 19
2019-03-09 19:47:52 - PHP Notice:  Undefined variable: class in D:\Sergey\OSPanel\domains\store\catalog\view\theme\Store\template\checkout\cart.tpl on line 19
2019-03-09 19:47:55 - PHP Notice:  Undefined variable: class in D:\Sergey\OSPanel\domains\store\catalog\view\theme\Store\template\checkout\cart.tpl on line 19
2019-03-09 19:48:29 - PHP Notice:  Undefined variable: class in D:\Sergey\OSPanel\domains\store\catalog\view\theme\Store\template\checkout\cart.tpl on line 19
2019-03-09 19:48:49 - PHP Notice:  Undefined variable: class in D:\Sergey\OSPanel\domains\store\catalog\view\theme\Store\template\checkout\cart.tpl on line 19
2019-03-09 19:48:50 - PHP Notice:  Undefined variable: class in D:\Sergey\OSPanel\domains\store\catalog\view\theme\Store\template\checkout\cart.tpl on line 19
2019-03-09 19:49:02 - PHP Notice:  Undefined variable: class in D:\Sergey\OSPanel\domains\store\catalog\view\theme\Store\template\checkout\cart.tpl on line 19
2019-03-09 19:49:06 - PHP Notice:  Undefined variable: class in D:\Sergey\OSPanel\domains\store\catalog\view\theme\Store\template\checkout\cart.tpl on line 19
2019-03-09 19:49:23 - PHP Notice:  Undefined variable: class in D:\Sergey\OSPanel\domains\store\catalog\view\theme\Store\template\checkout\cart.tpl on line 19
2019-03-09 19:49:29 - PHP Notice:  Undefined variable: class in D:\Sergey\OSPanel\domains\store\catalog\view\theme\Store\template\checkout\cart.tpl on line 19
2019-03-09 19:50:20 - PHP Notice:  Undefined variable: class in D:\Sergey\OSPanel\domains\store\catalog\view\theme\Store\template\checkout\cart.tpl on line 19
2019-03-09 19:50:30 - PHP Notice:  Undefined variable: class in D:\Sergey\OSPanel\domains\store\catalog\view\theme\Store\template\checkout\cart.tpl on line 19
2019-03-09 19:51:08 - PHP Notice:  Undefined variable: class in D:\Sergey\OSPanel\domains\store\catalog\view\theme\Store\template\checkout\cart.tpl on line 19
2019-03-09 19:51:09 - PHP Notice:  Undefined variable: class in D:\Sergey\OSPanel\domains\store\catalog\view\theme\Store\template\checkout\cart.tpl on line 19
2019-03-09 19:52:05 - PHP Notice:  Undefined variable: class in D:\Sergey\OSPanel\domains\store\catalog\view\theme\Store\template\checkout\cart.tpl on line 19
2019-03-09 19:52:33 - PHP Notice:  Undefined variable: class in D:\Sergey\OSPanel\domains\store\catalog\view\theme\Store\template\checkout\cart.tpl on line 19
2019-03-09 19:52:37 - PHP Notice:  Undefined variable: class in D:\Sergey\OSPanel\domains\store\catalog\view\theme\Store\template\checkout\cart.tpl on line 19
2019-03-09 19:52:38 - PHP Notice:  Undefined variable: class in D:\Sergey\OSPanel\domains\store\catalog\view\theme\Store\template\checkout\cart.tpl on line 19
2019-03-09 19:52:54 - PHP Notice:  Undefined variable: class in D:\Sergey\OSPanel\domains\store\catalog\view\theme\Store\template\checkout\cart.tpl on line 19
2019-03-09 19:52:55 - PHP Notice:  Undefined variable: class in D:\Sergey\OSPanel\domains\store\catalog\view\theme\Store\template\checkout\cart.tpl on line 19
2019-03-09 19:53:16 - PHP Notice:  Undefined variable: class in D:\Sergey\OSPanel\domains\store\catalog\view\theme\Store\template\checkout\cart.tpl on line 19
2019-03-09 19:53:43 - PHP Notice:  Undefined variable: class in D:\Sergey\OSPanel\domains\store\catalog\view\theme\Store\template\checkout\cart.tpl on line 19
2019-03-09 19:54:24 - PHP Notice:  Undefined variable: class in D:\Sergey\OSPanel\domains\store\catalog\view\theme\Store\template\checkout\cart.tpl on line 19
2019-03-09 19:54:36 - PHP Notice:  Undefined variable: class in D:\Sergey\OSPanel\domains\store\catalog\view\theme\Store\template\checkout\cart.tpl on line 19
2019-03-09 19:54:56 - PHP Notice:  Undefined variable: class in D:\Sergey\OSPanel\domains\store\catalog\view\theme\Store\template\checkout\cart.tpl on line 19
2019-03-09 19:54:57 - PHP Notice:  Undefined variable: class in D:\Sergey\OSPanel\domains\store\catalog\view\theme\Store\template\checkout\cart.tpl on line 19
2019-03-09 19:55:14 - PHP Notice:  Undefined variable: class in D:\Sergey\OSPanel\domains\store\catalog\view\theme\Store\template\checkout\cart.tpl on line 19
2019-03-09 19:55:15 - PHP Notice:  Undefined variable: class in D:\Sergey\OSPanel\domains\store\catalog\view\theme\Store\template\checkout\cart.tpl on line 19
2019-03-09 19:55:33 - PHP Notice:  Undefined variable: class in D:\Sergey\OSPanel\domains\store\catalog\view\theme\Store\template\checkout\cart.tpl on line 19
2019-03-09 19:55:41 - PHP Notice:  Undefined variable: class in D:\Sergey\OSPanel\domains\store\catalog\view\theme\Store\template\checkout\cart.tpl on line 19
2019-03-09 19:56:06 - PHP Notice:  Undefined variable: class in D:\Sergey\OSPanel\domains\store\catalog\view\theme\Store\template\checkout\cart.tpl on line 19
2019-03-09 19:56:10 - PHP Notice:  Undefined variable: class in D:\Sergey\OSPanel\domains\store\catalog\view\theme\Store\template\checkout\cart.tpl on line 19
2019-03-09 19:56:11 - PHP Notice:  Undefined variable: class in D:\Sergey\OSPanel\domains\store\catalog\view\theme\Store\template\checkout\cart.tpl on line 19
2019-03-09 19:56:11 - PHP Notice:  Undefined variable: class in D:\Sergey\OSPanel\domains\store\catalog\view\theme\Store\template\checkout\cart.tpl on line 19
2019-03-09 19:56:21 - PHP Notice:  Undefined variable: class in D:\Sergey\OSPanel\domains\store\catalog\view\theme\Store\template\checkout\cart.tpl on line 19
2019-03-09 19:56:54 - PHP Notice:  Undefined variable: class in D:\Sergey\OSPanel\domains\store\catalog\view\theme\Store\template\checkout\cart.tpl on line 19
2019-03-09 19:57:14 - PHP Notice:  Undefined variable: class in D:\Sergey\OSPanel\domains\store\catalog\view\theme\Store\template\checkout\cart.tpl on line 19
2019-03-09 19:57:18 - PHP Notice:  Undefined variable: class in D:\Sergey\OSPanel\domains\store\catalog\view\theme\Store\template\checkout\cart.tpl on line 19
2019-03-09 19:57:25 - PHP Notice:  Undefined variable: class in D:\Sergey\OSPanel\domains\store\catalog\view\theme\Store\template\checkout\cart.tpl on line 19
2019-03-09 19:57:31 - PHP Notice:  Undefined variable: class in D:\Sergey\OSPanel\domains\store\catalog\view\theme\Store\template\checkout\cart.tpl on line 19
2019-03-09 19:57:48 - PHP Notice:  Undefined variable: class in D:\Sergey\OSPanel\domains\store\catalog\view\theme\Store\template\checkout\cart.tpl on line 19
2019-03-09 20:00:05 - PHP Notice:  Undefined variable: class in D:\Sergey\OSPanel\domains\store\catalog\view\theme\Store\template\checkout\cart.tpl on line 19
2019-03-09 20:00:18 - PHP Notice:  Undefined variable: class in D:\Sergey\OSPanel\domains\store\catalog\view\theme\Store\template\checkout\cart.tpl on line 19
2019-03-09 20:00:29 - PHP Notice:  Undefined variable: class in D:\Sergey\OSPanel\domains\store\catalog\view\theme\Store\template\checkout\cart.tpl on line 19
2019-03-09 20:00:37 - PHP Notice:  Undefined variable: class in D:\Sergey\OSPanel\domains\store\catalog\view\theme\Store\template\checkout\cart.tpl on line 19
2019-03-09 20:00:43 - PHP Notice:  Undefined variable: class in D:\Sergey\OSPanel\domains\store\catalog\view\theme\Store\template\checkout\cart.tpl on line 19
2019-03-09 20:02:12 - PHP Notice:  Undefined variable: class in D:\Sergey\OSPanel\domains\store\catalog\view\theme\Store\template\checkout\cart.tpl on line 19
2019-03-09 20:02:20 - PHP Notice:  Undefined variable: class in D:\Sergey\OSPanel\domains\store\catalog\view\theme\Store\template\checkout\cart.tpl on line 19
2019-03-09 20:05:40 - PHP Warning:  A non-numeric value encountered in D:\Sergey\OSPanel\domains\store\system\storage\modification\admin\controller\sale\order.php on line 1979
2019-03-09 20:05:40 - PHP Warning:  A non-numeric value encountered in D:\Sergey\OSPanel\domains\store\system\storage\modification\admin\controller\sale\order.php on line 1998
2019-03-09 20:05:40 - PHP Warning:  A non-numeric value encountered in D:\Sergey\OSPanel\domains\store\system\storage\modification\admin\controller\sale\order.php on line 1998
2019-03-09 20:06:38 - PHP Notice:  Undefined variable: class in D:\Sergey\OSPanel\domains\store\catalog\view\theme\Store\template\checkout\cart.tpl on line 19
2019-03-09 20:06:54 - PHP Notice:  Undefined variable: class in D:\Sergey\OSPanel\domains\store\catalog\view\theme\Store\template\checkout\cart.tpl on line 19
2019-03-09 20:07:09 - PHP Notice:  Undefined variable: class in D:\Sergey\OSPanel\domains\store\catalog\view\theme\Store\template\checkout\cart.tpl on line 19
2019-03-09 20:07:22 - PHP Notice:  Undefined variable: class in D:\Sergey\OSPanel\domains\store\catalog\view\theme\Store\template\checkout\cart.tpl on line 19
2019-03-09 20:07:25 - PHP Notice:  Undefined variable: class in D:\Sergey\OSPanel\domains\store\catalog\view\theme\Store\template\checkout\cart.tpl on line 19
2019-03-09 20:07:26 - PHP Notice:  Undefined variable: class in D:\Sergey\OSPanel\domains\store\catalog\view\theme\Store\template\checkout\cart.tpl on line 19
2019-03-09 20:07:32 - PHP Notice:  Undefined variable: class in D:\Sergey\OSPanel\domains\store\catalog\view\theme\Store\template\checkout\cart.tpl on line 19
2019-03-09 20:07:41 - PHP Notice:  Undefined variable: class in D:\Sergey\OSPanel\domains\store\catalog\view\theme\Store\template\checkout\cart.tpl on line 19
2019-03-09 20:07:50 - PHP Notice:  Undefined variable: class in D:\Sergey\OSPanel\domains\store\catalog\view\theme\Store\template\checkout\cart.tpl on line 19
2019-03-09 20:08:09 - PHP Notice:  Undefined variable: class in D:\Sergey\OSPanel\domains\store\catalog\view\theme\Store\template\checkout\cart.tpl on line 19
2019-03-09 20:08:21 - PHP Notice:  Undefined variable: class in D:\Sergey\OSPanel\domains\store\catalog\view\theme\Store\template\checkout\cart.tpl on line 19
2019-03-09 20:08:33 - PHP Notice:  Undefined variable: class in D:\Sergey\OSPanel\domains\store\catalog\view\theme\Store\template\checkout\cart.tpl on line 19
2019-03-09 20:09:34 - PHP Notice:  Undefined variable: class in D:\Sergey\OSPanel\domains\store\catalog\view\theme\Store\template\checkout\cart.tpl on line 19
2019-03-09 20:09:38 - PHP Notice:  Undefined variable: class in D:\Sergey\OSPanel\domains\store\catalog\view\theme\Store\template\checkout\cart.tpl on line 19
2019-03-09 20:10:29 - PHP Notice:  Undefined variable: class in D:\Sergey\OSPanel\domains\store\catalog\view\theme\Store\template\checkout\cart.tpl on line 19
2019-03-09 20:10:31 - PHP Notice:  Undefined variable: class in D:\Sergey\OSPanel\domains\store\catalog\view\theme\Store\template\checkout\cart.tpl on line 19
2019-03-09 20:10:40 - PHP Notice:  Undefined variable: class in D:\Sergey\OSPanel\domains\store\catalog\view\theme\Store\template\checkout\cart.tpl on line 19
2019-03-09 20:10:41 - PHP Notice:  Undefined variable: class in D:\Sergey\OSPanel\domains\store\catalog\view\theme\Store\template\checkout\cart.tpl on line 19
2019-03-09 20:10:48 - PHP Notice:  Undefined variable: class in D:\Sergey\OSPanel\domains\store\catalog\view\theme\Store\template\checkout\cart.tpl on line 19
2019-03-09 20:10:58 - PHP Notice:  Undefined variable: class in D:\Sergey\OSPanel\domains\store\catalog\view\theme\Store\template\checkout\cart.tpl on line 19
2019-03-09 20:11:02 - PHP Notice:  Undefined variable: class in D:\Sergey\OSPanel\domains\store\catalog\view\theme\Store\template\checkout\cart.tpl on line 19
2019-03-09 20:48:51 - PHP Notice:  Undefined variable: class in D:\Sergey\OSPanel\domains\store\catalog\view\theme\Store\template\checkout\cart.tpl on line 19
2019-03-09 20:51:01 - PHP Notice:  Undefined variable: class in D:\Sergey\OSPanel\domains\store\catalog\view\theme\Store\template\checkout\cart.tpl on line 19
2019-03-09 20:51:41 - PHP Notice:  Undefined variable: class in D:\Sergey\OSPanel\domains\store\catalog\view\theme\Store\template\checkout\cart.tpl on line 19
2019-03-09 20:52:03 - PHP Notice:  Undefined variable: class in D:\Sergey\OSPanel\domains\store\catalog\view\theme\Store\template\checkout\cart.tpl on line 19
2019-03-09 20:52:05 - PHP Notice:  Undefined variable: class in D:\Sergey\OSPanel\domains\store\catalog\view\theme\Store\template\checkout\cart.tpl on line 19
2019-03-09 20:52:29 - PHP Notice:  Undefined variable: class in D:\Sergey\OSPanel\domains\store\catalog\view\theme\Store\template\checkout\cart.tpl on line 19
2019-03-09 20:56:22 - PHP Notice:  Undefined variable: class in D:\Sergey\OSPanel\domains\store\catalog\view\theme\Store\template\checkout\cart.tpl on line 19
2019-03-09 20:58:22 - PHP Notice:  Undefined variable: class in D:\Sergey\OSPanel\domains\store\catalog\view\theme\Store\template\checkout\cart.tpl on line 19
2019-03-09 20:58:34 - PHP Notice:  Undefined variable: class in D:\Sergey\OSPanel\domains\store\catalog\view\theme\Store\template\checkout\cart.tpl on line 19
2019-03-09 20:58:52 - PHP Notice:  Undefined variable: class in D:\Sergey\OSPanel\domains\store\catalog\view\theme\Store\template\checkout\cart.tpl on line 19
2019-03-09 20:58:53 - PHP Notice:  Undefined variable: class in D:\Sergey\OSPanel\domains\store\catalog\view\theme\Store\template\checkout\cart.tpl on line 19
2019-03-09 20:59:59 - PHP Notice:  Undefined variable: class in D:\Sergey\OSPanel\domains\store\catalog\view\theme\Store\template\checkout\cart.tpl on line 19
2019-03-09 21:01:50 - PHP Notice:  Undefined variable: class in D:\Sergey\OSPanel\domains\store\catalog\view\theme\Store\template\checkout\cart.tpl on line 19
2019-03-09 21:03:39 - PHP Notice:  Undefined variable: class in D:\Sergey\OSPanel\domains\store\catalog\view\theme\Store\template\checkout\cart.tpl on line 19
2019-03-09 21:07:05 - PHP Notice:  Undefined variable: class in D:\Sergey\OSPanel\domains\store\catalog\view\theme\Store\template\checkout\cart.tpl on line 19
2019-03-09 21:07:15 - PHP Notice:  Undefined variable: class in D:\Sergey\OSPanel\domains\store\catalog\view\theme\Store\template\checkout\cart.tpl on line 19
